<?xml version="1.0" encoding="UTF-8"?>
<!-- Generated by org.testng.reporters.JUnitReportReporter -->
<testsuite hostname="admin-PC" failures="0" tests="10" name="com.org.test.ChallengingDomTest" time="232.908" errors="0" timestamp="1 Feb 2022 19:49:19 GMT">
  <testcase classname="com.org.test.ChallengingDomTest" name="verifyThirdButtonOperation" time="8.856"/>
  <testcase classname="com.org.test.ChallengingDomTest" name="verifyFirstButtonOperation" time="76.872"/>
  <testcase classname="com.org.test.ChallengingDomTest" name="verifyAnswerValue" time="9.387"/>
  <testcase classname="com.org.test.ChallengingDomTest" name="verifyAnswerOnRefreshPage" time="77.637"/>
  <testcase classname="com.org.test.ChallengingDomTest" name="verifyTableHeaderText" time="9.320"/>
  <testcase classname="com.org.test.ChallengingDomTest" name="verifyTextBelowHeader" time="10.861"/>
  <testcase classname="com.org.test.ChallengingDomTest" name="verifyClickOnNthEditLink" time="9.831"/>
  <testcase classname="com.org.test.ChallengingDomTest" name="verifyClickOnNthDeleteLink" time="12.622"/>
  <testcase classname="com.org.test.ChallengingDomTest" name="verifySecondButtonOperation" time="9.307"/>
  <testcase classname="com.org.test.ChallengingDomTest" name="verifyNavigationToChallengingDom" time="8.215"/>
</testsuite> <!-- com.org.test.ChallengingDomTest -->
