<?xml version="1.0" encoding="UTF-8"?>
<!-- Generated by org.testng.reporters.JUnitReportReporter -->
<testsuite hostname="admin-PC" failures="0" tests="10" name="challengingDOMTest.ChallengingDomTest" time="69.851" errors="0" timestamp="1 Feb 2022 19:17:23 GMT">
  <testcase classname="challengingDOMTest.ChallengingDomTest" name="verifyTableHeaderText" time="5.731"/>
  <testcase classname="challengingDOMTest.ChallengingDomTest" name="verifyAnswerOnRefreshPage" time="6.300"/>
  <testcase classname="challengingDOMTest.ChallengingDomTest" name="verifyNavigationToChallengingDom" time="5.532"/>
  <testcase classname="challengingDOMTest.ChallengingDomTest" name="verifyThirdButtonOperation" time="6.205"/>
  <testcase classname="challengingDOMTest.ChallengingDomTest" name="verifyClickOnNthEditLink" time="5.718"/>
  <testcase classname="challengingDOMTest.ChallengingDomTest" name="verifySecondButtonOperation" time="5.758"/>
  <testcase classname="challengingDOMTest.ChallengingDomTest" name="verifyTextBelowHeader" time="5.793"/>
  <testcase classname="challengingDOMTest.ChallengingDomTest" name="verifyAnswerValue" time="17.524"/>
  <testcase classname="challengingDOMTest.ChallengingDomTest" name="verifyFirstButtonOperation" time="5.891"/>
  <testcase classname="challengingDOMTest.ChallengingDomTest" name="verifyClickOnNthDeleteLink" time="5.399"/>
</testsuite> <!-- challengingDOMTest.ChallengingDomTest -->
