<?xml version="1.0" encoding="UTF-8"?>
<!-- Generated by org.testng.reporters.JUnitReportReporter -->
<testsuite hostname="SYNLDNLTW3M1B3" failures="0" tests="1" name="com.expleo.base.BasePageTest" time="4.837" errors="0" timestamp="30 Jan 2022 18:47:35 GMT">
  <testcase classname="com.expleo.base.BasePageTest" name="test" time="4.837"/>
</testsuite> <!-- com.expleo.base.BasePageTest -->
